2694
1570
604
2046
3612
2050
1516
866
428
2854
1852
2688
1332
1688
1380
2380
2150
3090
3136
3282
1676
2280
3018
2068
1032
1492
2528
1904
3226
2950
2564
1552
2392
1892
2204
3286
3356
1716
342
1590
2050
1404
2450
1922
2448
3188
898
1416
1696
3740
3108
1344
1550
1862
1872
1054
980
876
3450
1158
1028
1948
1246
928
2628
3034
2200
3208
3284
3532
1912
2082
2750
1274
1766
1306
2264
2844
176
2954
2760
2616
1440
1824
3548
2760
2176
1080
1576
3138
1736
1418
950
2128
2676
1576
1854
1430
2164
1732
2894
2176
3572
1198
2378
1952
1738
1724
1392
2256
1306
2704
2244
2088
2428
1562
1788
3270
1088
1596
1684
2464
1414
2276
680
850
2444
3260
1916
1704
1402
800
1750
2520
916
1892
2594
2772
1192
1346
2032
2780
902
2114
986
2248
2356
2168
1094
3774
1676
1680
514
2928
2582
2588
1340
2706
406
2560
1790
1560
3036
2828
3262
2246
2032
1906
1676
1786
1752
3028
884
1492
2152
1302
2048
2288
2268
576
2406
54
1438
2408
2870
382
978
3212
1462
2748
1512
2746
2590
1136
1344
428
2128
2568
1420
2792
2140
1280
2840
2148
1424
2492
2864
3434
2298
2124
1712
1574
3852
3204
1000
2166
1822
2968
3126
3314
2156
3380
2262
976
2108
1288
1550
1840
3638
1626
1916
782
3202
746
3290
3600
2420
2856
2416
846
2240
2988
450
1476
1492
1924
892
3120
1292
2042
2302
1224
2544
238
3244
2752
792
494
2664
1286
2036
1668
3040
2084
1722
2792
2350
1562
3008
1588
3110
3110
590
2564
2220
2704
854
1902
2122
290
2788
700
1550
828
2186
2196
2992
2096
1852
3576
2192
1516
1992
2440
2084
3296
2608
3474
1356
1462
400
3534
1576
642
3848
1976
2234
1208
2564
762
1794
1612
3404
974
1938
532
1032
2616
2398
3778
2466
1204
3130
3094
1222
3232
2764
2030
2186
2898
2580
2054
2754
3292
3120
2338
2604
2340
3022
3008
2354
3534
296
1628
2308
1180
914
3134
2432
2104
2930
3424
1296
906
1750
2864
3646
1484
1084
1922
3594
2228
2866
2594
2530
3700
1678
596
1612
3332
2482
2292
1760
808
2738
1816
1676
1292
1834
2480
1890
2436
984
1772
2378
2260
2444
280
2324
2240
2512
204
1468
2952
460
544
1496
2960
3082
3400
1182
918
3392
3540
2028
2232
486
2156
1986
2010
3332
2452
570
1524
3074
1074
2320
3184
2368
3192
1468
1372
814
252
1354
3404
764
2642
2716
1174
714
2054
1964
676
456
2804
2198
2836
3052
1328
140
1872
1318
1812
1616
1658
1998
2372
414
2294
2040
2490
1400
1212
1688
2424
2788
2772
1342
1042
2128
1062
2974
1792
2312
1274
3308
302
1486
2224
2782
3398
2550
2272
2966
196
936
808
1632
1688
2628
604
2042
3312
1970
1248
2164
2368
2648
1206
2114
1624
2466
2748
3108
522
3154
2584
1164
2070
1284
1546
2592
534
1726
978
2900
1484
1714
1132
1384
552
828
2284
2726
2156
2338
3132
1402
2926
698
2622
934
896
1088
1802
2642
2052
2064
2080
2192
1804
2674
3656
1632
1884
1738
2692
656
1308
2302
1926
1332
1614
146
1324
2348
2744
3498
682
1164
1122
3212
2104
888
3502
2496
3190
1930
1034
1066
2766
1524
1642
1624
3368
2564
2986
3336
1940
1002
1238
1260
1880
2984
954
2156
1746
2082
1580
3158
298
842
2194
1752
1876
1084
2220
2584
1702
2896
1474
1604
3660
3158
1164
2060
1132
1876
1904
944
1748
2988
2548
1714
2158
2158
304
3708
2290
1732
1344
1680
3194
1600
3586
3004
2236
656
1702
2476
3040
1020
2606
1936
3084
1540
728
1826
876
3608
1198
462
2272
36
1306
2272
1674
2134
1884
1094
2608
1912
1768
2584
1472
1844
2834
2076
2292
2724
3026
3390
2222
896
2704
2336
1390
2648
1882
874
3098
1932
1612
2230
1194
640
922
1420
2106
2110
2016
2254
906
2808
2196
1292
2804
1116
2688
3116
800
1336
3168
3480
1884
1826
1888
1392
3278
1624
1184
3822
2340
2382
2418
3416
1948
2542
1878
1024
2004
664
3312
1964
2764
3348
2252
3152
3004
1024
3586
2198
2878
3580
3088
1852
1144
2706
2042
1216
1086
2758
1132
1394
2118
588
2272
3196
1024
2062
2890
1244
1026
3072
2428
556
1786
2224
3878
562
924
3564
954
3074
2684
3106
1216
1496
2398
1294
76
1938
1942
1276
1642
988
2408
2920
2776
2268
1264
1832
2274
1812
2282
696
2514
2504
1412
1756
1620
2714
1982
2164
2444
1784
2816
1354
2876
572
1494
1416
2394
218
1124
2990
1916
1084
228
1202
3292
1890
1884
688
1200
1314
1352
1932
2260
1914
1372
2312
644
2888
2396
2888
1234
2556
3558
2542
1932
1596
2748
2240
1318
2148
2700
1638
1508
3722
3258
2304
452
2974
1894
1058
3408
2914
2332
780
3038
2190
2184
664
1774
1764
1734
724
2166
1548
2710
2230
722
1388
1794
2212
3244
3120
2418
936
1594
1700
2396
2480
1638
2270
1836
900
1480
2390
2176
2832
1936
2628
582
3646
702
1216
1598
810
2234
362
1628
2184
1448
1320
1748
3124
1828
1916
3052
1604
3292
3536
2712
360
3172
2812
748
1986
3444
1640
2380
890
1090
1684
132
1536
1384
1680
1736
606
2314
2946
2608
2130
2224
3372
976
1908
1358
1564
2032
3920
2680
1526
1534
2918
3710
2948
3054
1708
2748
1524
1724
1960
2764
1752
1296
2654
1346
1986
2964
1850
720
1228
2840
1946
2040
2562
1876
2716
3036
2580
2552
1740
1968
1420
2854
2
2896
1880
1196
1862
2756
3592
1678
2006
2412
100
3462
1580
1656
2154
1896
2124
1574
1680
2722
1026
772
1300
2220
1738
1168
2670
2798
268
2468
866
1536
1718
3066
1564
2284
906
708
2358
2066
972
