1
2
1796
2
1200
2
1722
2
96
2
1206
2
234
2
1238
2
1938
2
518
2
866
2
1352
2
374
2
674
2
1964
2
676
2
1314
2
1966
2
1628
2
1972
2
1274
2
680
2
654
2
1252
2
1964
2
578
2
38
2
972
2
1314
2
1152
2
376
2
366
2
1712
2
1140
2
716
2
1692
2
1080
2
1080
2
294
2
1182
2
210
2
142
2
1542
2
134
2
710
2
1472
2
1750
2
558
2
1000
2
1722
2
354
2
1838
2
1608
2
158
2
132
2
1268
2
1932
2
1192
2
568
2
712
2
1744
2
1484
2
672
2
456
2
246
2
1842
2
112
2
1234
2
1338
2
1980
2
12
2
376
2
1706
2
894
2
1712
2
1890
2
492
2
716
2
1922
2
626
2
394
2
1534
2
116
2
738
2
4
2
1340
2
210
2
1432
2
362
2
32
2
578
2
320
2
436
2
830
2
1226
2
1126
2
1826
2
722
2
752
2
1720
2
638
2
520
2
1340
2
1730
2
404
2
220
2
1806
2
70
2
180
2
826
2
1990
2
1218
2
826
2
14
2
1244
2
342
2
1696
2
1756
2
1146
2
524
2
1836
2
618
2
1964
2
700
2
1698
2
942
2
122
2
1614
2
1656
2
228
2
1930
2
158
2
538
2
318
2
342
2
1812
2
1280
2
734
2
1126
2
692
2
1364
2
1066
2
1532
2
1576
2
116
2
1596
2
986
2
346
2
1360
2
860
2
1710
2
1118
2
1482
2
1966
2
1156
2
1600
2
1316
2
1292
2
1618
2
1172
2
844
2
1852
2
1192
2
358
2
754
2
1236
2
1956
2
1592
2
1206
2
1830
2
574
2
1444
2
1314
2
248
2
1922
2
1680
2
1964
2
1582
2
120
2
1354
2
280
2
1716
2
1052
2
368
2
1376
2
1818
2
1248
2
1722
2
1216
2
760
2
846
2
1026
1
628
2
484
2
620
2
678
2
1372
2
1500
2
1200
2
976
2
78
2
444
2
1940
2
260
2
1700
2
824
2
352
2
1336
2
656
2
742
2
1410
2
758
2
1530
2
1122
2
148
2
1664
2
718
2
1616
2
280
2
1028
2
662
2
1874
2
582
2
32
2
1190
2
566
2
1340
2
648
2
1120
2
448
2
1824
2
1366
2
1726
2
1620
2
362
2
1812
2
1422
2
1062
2
34
2
274
2
1212
2
1640
2
842
2
512
2
1928
2
918
2
262
2
164
2
1086
2
1502
2
1844
2
1152
2
682
2
92
2
1706
2
966
2
474
2
1220
2
1586
2
1948
2
294
2
776
2
1648
2
1238
2
280
2
1156
2
970
2
1738
2
1636
2
1058
2
1700
2
1246
2
330
2
768
2
1904
2
406
2
1938
2
674
2
386
2
128
2
1642
2
732
2
456
2
1296
2
750
2
1996
2
1370
2
1860
2
1490
2
736
2
1666
2
1062
2
146
2
584
2
1154
2
322
2
1642
2
254
2
254
2
1146
2
1548
2
146
2
1642
2
1454
2
1140
2
486
2
898
2
1754
2
172
2
118
2
1510
2
536
2
1284
2
1894
2
626
2
952
2
1794
2
322
2
1390
2
1874
2
1040
2
470
2
1882
2
1950
2
1778
2
1714
2
1068
2
1754
2
1046
2
888
2
670
2
96
2
1922
2
1928
2
1526
2
456
2
60
2
282
2
1502
2
1438
2
1162
2
164
2
232
2
1616
2
580
2
1368
2
292
2
1392
2
1454
2
1786
2
936
2
516
2
66
2
1546
2
1326
2
1676
2
2000
2
62
2
1704
2
1744
2
1604
2
290
2
326
2
918
2
1020
2
1186
2
222
2
664
2
916
2
850
2
784
2
1516
2
726
2
346
2
1330
2
596
2
1036
2
52
2
922
2
1164
2
1160
2
708
2
10
2
946
2
1250
2
1478
2
52
2
434
2
1822
2
744
2
1892
2
326
2
1042
2
332
2
1898
2
1998
2
1312
2
1552
2
1106
2
1370
2
1146
2
1714
2
576
2
902
2
1576
2
1946
2
656
2
1552
2
510
2
1950
2
120
2
1988
2
1550
2
1984
2
682
2
1576
2
768
2
1076
2
1142
2
568
2
344
2
1242
2
878
2
1120
2
1488
2
1754
2
790
2
282
2
1326
2
176
2
1726
2
990
2
1004
2
938
2
122
2
1974
2
1272
2
954
2
368
2
1092
2
108
2
864
2
1606
2
440
2
24
2
104
2
246
2
220
2
1386
2
384
2
1372
2
998
2
376
2
844
2
1526
2
410
2
32
2
1852
2
550
2
1660
2
1242
2
872
2
1136
2
1436
2
296
2
1472
2
1006
2
132
2
428
2
1160
2
160
2
1200
2
1584
2
1610
2
1358
2
1334
2
1908
2
1548
2
258
2
374
2
1248
2
1834
2
1692
2
